JvmtiExport can_access_local_variables 0
JvmtiExport can_hotswap_or_post_breakpoint 0
JvmtiExport can_post_on_exceptions 0
# 111 ciObject found
instanceKlass org/springframework/util/StreamUtils
instanceKlass org/springframework/http/StreamingHttpOutputMessage
instanceKlass org/springframework/http/converter/ResourceHttpMessageConverter$ActivationMediaTypeFactory
instanceKlass org/springframework/web/servlet/resource/VersionedResource
instanceKlass org/springframework/web/servlet/resource/EncodedResource
instanceKlass org/springframework/http/server/ServletServerHttpResponse
instanceKlass com/sun/activation/registries/MimeTypeEntry
instanceKlass javax/activation/SecuritySupport$2
instanceKlass javax/activation/SecuritySupport$3
instanceKlass com/sun/activation/registries/MimeTypeFile
instanceKlass com/sun/activation/registries/LogSupport
instanceKlass javax/activation/SecuritySupport$1
instanceKlass javax/activation/SecuritySupport
instanceKlass org/springframework/web/accept/PathExtensionContentNegotiationStrategy$ActivationMediaTypeFactory
instanceKlass org/springframework/web/servlet/resource/DefaultResourceResolverChain
instanceKlass org/springframework/web/servlet/mvc/LastModified
instanceKlass org/springframework/util/AntPathMatcher$AntPatternComparator$PatternInfo
instanceKlass org/hibernate/engine/internal/EntityEntryContext$EntityEntryCrossRefImpl
instanceKlass org/hibernate/engine/internal/EntityEntryContext$EntityEntryCrossRef
instanceKlass org/apache/tomcat/util/net/NioBlockingSelector$BlockPoller$3
instanceKlass org/apache/tomcat/util/net/NioBlockingSelector$KeyReference
instanceKlass \u00f0\u0004\u00f8\u001a\u00c2S\u00e0m\u0084\u00a7\u00c1=\u0084g\u00c1/\u00ae\u00d0\u01e5\u00b3\u00e0\u00b5\u0015\u00c4\u00fek\u0084W\u00c1+\u0084/\u0082\u0097\u0008\u000ft\u00a0\u00bfEx\u0007xn\u0005Y\u00ff\u0002>I\u00e4\u0093\u00e0\u0007W\u00e8\u00f60\u0002\u009e&\u00f2\u00e3\u00e0#$\u00fd\u001c\u00f8~"\u009f\u0007\u001f \u00bc\u0002\u00deK\u00f8<\u00f8:\u00c2}\u00efF}'<\u0008\u00be\u008a\u00bcO\u0018\u073fB\u00b7\u00b78\u00f8\u001aR^C\u00e0!\u0092\u00fe(x\u0080\u00f0\u000c\u00b8\u008f\u00f0i\u00f0\u009a\u009f\u00d8?x\u00d5O\u00d6\u00ff\u0081\u00cf\u0011\u00f9\u001ax\u0099p\u00ff{\u00e0\u001f\u0008\u000f\u0081O\u00fb\u00f5|\u0088\u0080O\u0011\u00f9\u0004\u00f8\u0084\u009f\u00c4\u007f\u00c1\u01c9|\u001a|\u0094\u00a4\u009f\u0005\u001f&\u00f2\u00b3\u00c4\u0097\u00c1\u00fb\u0009\u00af\u0082w\u0012\u00be\u0008\u00be\u0096\u00f0\u00c0o\u00a0\u001c\u00c1\u00c3.\u00de\u0001\u001e!\u00f21\u00f0\u000e\u0093\u00e0A\u00c2G\u00c0\u00fd$\u00fdq\u00f0v"\u009f\u0003_E\u00f23\u000f\u001e \u00f2\u0015p\u001f\u00e1\u00f3\u00e0\u00b5k\u0088\u00fd\u00af\u0085\u00fd\\u00a3\u00a7\u001f\u0004?O\u00e4\u00c3\u00e0g\u0009\u008f\u0083\u009f&|\u0008|\u0086\u00f0Q\u00f0)\u00c23\u00e0\u0013\u0084O\u0083\u008f\u0011^\u0002\u001f&|\u000e|\u0090\u00f0\u001ax?\u00e1\u00fe\u00f7\u00c2N\u0008\u000f\u0081\u00af%<\u0002\u00be\u0086\u00f0\u0004x\u001b\u00e1)p\u000f\u00e1i\u00f0\u008bd}e\u0016\u00fc<\u00e1\u00b3\u00e0g[\u00c9\u00fc\u0007x\u0099\u00c8W\u00c1\u00f3D~\u0011\u00fc\u0014[\u00ffz3\u00fa{D\u00be\u0003<\u00c7\u05bf\u0082g\u00d8\u00faW\u00f0t\u00ab\u00ee\u000fG\u00c0\u000f\u00b2\u00f5\u00af\u00e0\u0007\u0008\u00cf\u00dd\u00cc\u05f1\u00e6o\u00e6\u00ebX+7\u00f3u\u00ac\u00f37\u00f3u\u00ac\u00be\u00f7\u00e9\u00ebX\u00a5\u00fd\u00bf\u00cfX\u01ea\u00d9?x\u000b\u00e1q\u00f0\u0085\u00abI\u00ff\u00e7}\u01ba^\u00cd\u00fek\u0084g\u00c0+\u0084O\u0083\u0097\u0008/\u0081\u00cf\u0012>\u0007\u009e#\u00bc\u0006\u009eqq\u00b9\u00fe=\u008c\u00f2\u00027\u00efEt\u00edC\u00ebV\u008fAr\u009do'\u00da\u00
instanceKlass org/thymeleaf/processor/attr/AbstractAttributeModifierAttrProcessor$1
instanceKlass org/thymeleaf/spring4/requestdata/RequestDataValueProcessor4Delegate
instanceKlass org/thymeleaf/spring4/requestdata/IRequestDataValueProcessorDelegate
instanceKlass org/springframework/web/servlet/support/RequestDataValueProcessor
instanceKlass org/thymeleaf/spring4/requestdata/RequestDataValueProcessorUtils
instanceKlass org/unbescape/uri/UriEscapeUtil
instanceKlass org/unbescape/uri/UriEscape
instanceKlass org/thymeleaf/standard/expression/AssignationSequence
instanceKlass org/thymeleaf/standard/expression/Assignation
instanceKlass org/thymeleaf/standard/expression/AssignationUtils
instanceKlass org/springframework/expression/spel/CodeFlow
instanceKlass org/springframework/expression/spel/support/ReflectivePropertyAccessor$OptimalPropertyAccessor
instanceKlass org/springframework/expression/spel/support/ReflectivePropertyAccessor$InvokerPair
instanceKlass org/springframework/expression/spel/ast/PropertyOrFieldReference$AccessorLValue
instanceKlass org/thymeleaf/processor/attr/AbstractIterationAttrProcessor$StatusVar
instanceKlass org/thymeleaf/util/EvaluationUtil
instanceKlass org/thymeleaf/processor/attr/AbstractIterationAttrProcessor$IterationSpec
instanceKlass org/springframework/expression/spel/support/ReflectivePropertyAccessor$1
instanceKlass org/springframework/expression/spel/support/ReflectivePropertyAccessor$PropertyCacheKey
instanceKlass org/springframework/expression/spel/ExpressionState
instanceKlass org/springframework/expression/spel/standard/SpelExpression
instanceKlass org/springframework/expression/spel/ast/ValueRef
instanceKlass org/springframework/expression/spel/standard/Token
instanceKlass org/springframework/expression/spel/standard/Tokenizer
instanceKlass org/springframework/expression/spel/ast/SpelNodeImpl
instanceKlass org/springframework/expression/spel/SpelNode
instanceKlass org/thymeleaf/spring4/expression/ThymeleafEvaluationContextWrapper
instanceKlass org/springframework/ui/context/support/SimpleTheme
instanceKlass org/thymeleaf/spring4/expression/Themes
instanceKlass org/thymeleaf/spring4/expression/Fields
instanceKlass org/thymeleaf/spring4/expression/Mvc$MethodArgumentBuilderWrapper
instanceKlass org/thymeleaf/spring4/expression/Mvc$Spring41MvcUriComponentsBuilderDelegate
instanceKlass org/thymeleaf/spring4/expression/Mvc$MvcUriComponentsBuilderDelegate
instanceKlass org/springframework/cache/annotation/CacheConfig
instanceKlass org/thymeleaf/spring4/util/SpringVersionUtils
instanceKlass org/thymeleaf/spring4/expression/Mvc
instanceKlass org/thymeleaf/expression/Conversions
instanceKlass org/thymeleaf/expression/Ids
instanceKlass org/thymeleaf/expression/Messages
instanceKlass org/thymeleaf/expression/Uris
instanceKlass org/thymeleaf/expression/Aggregates
instanceKlass org/thymeleaf/expression/Maps
instanceKlass org/thymeleaf/expression/Sets
instanceKlass org/thymeleaf/expression/Lists
instanceKlass org/thymeleaf/expression/Arrays
instanceKlass org/thymeleaf/expression/Objects
instanceKlass org/thymeleaf/expression/Bools
instanceKlass org/thymeleaf/expression/Strings
instanceKlass org/thymeleaf/expression/Numbers
instanceKlass org/thymeleaf/expression/Dates
instanceKlass org/thymeleaf/expression/Calendars
instanceKlass org/thymeleaf/expression/ExpressionEvaluatorObjects
instanceKlass org/thymeleaf/standard/expression/LiteralValue
instanceKlass org/thymeleaf/standard/expression/StandardExpressions
instanceKlass org/thymeleaf/cache/StandardCache$CacheEntry
instanceKlass org/thymeleaf/standard/expression/Each
instanceKlass org/thymeleaf/standard/expression/ExpressionParsingNode
instanceKlass org/thymeleaf/standard/expression/LiteralSubstitutionUtil
instanceKlass org/thymeleaf/standard/expression/StandardExpressionExecutionContext
instanceKlass org/thymeleaf/standard/expression/Expression
instanceKlass org/thymeleaf/standard/expression/ExpressionParsingUtil
instanceKlass org/thymeleaf/standard/expression/ExpressionParsingDecompositionConfig
instanceKlass org/thymeleaf/standard/expression/ExpressionCache
instanceKlass org/thymeleaf/standard/expression/StandardExpressionPreprocessor
instanceKlass org/thymeleaf/standard/expression/EachUtils
instanceKlass org/unbescape/html/Html5EscapeSymbolsInitializer
instanceKlass org/unbescape/html/HtmlEscapeSymbols$1
instanceKlass org/unbescape/html/HtmlEscapeSymbols$Reference
instanceKlass org/unbescape/html/HtmlEscapeSymbols$References
instanceKlass org/unbescape/html/Html4EscapeSymbolsInitializer
instanceKlass org/unbescape/html/HtmlEscapeSymbols
instanceKlass org/unbescape/html/HtmlEscapeUtil
instanceKlass org/unbescape/html/HtmlEscape
instanceKlass org/thymeleaf/Template
instanceKlass com/sun/org/apache/xerces/internal/util/EntityResolverWrapper
instanceKlass org/thymeleaf/util/ArrayUtils
instanceKlass org/thymeleaf/templateparser/ErrorHandler
instanceKlass org/thymeleaf/templateparser/EntityResolver
instanceKlass org/thymeleaf/templateresolver/NonCacheableTemplateResolutionValidity
instanceKlass org/thymeleaf/context/AbstractContextExecutionInfo
instanceKlass org/apache/tomcat/util/buf/C2BConverter
instanceKlass org/apache/tomcat/util/http/parser/MediaType
instanceKlass ognl/ObjectMethodAccessor
instanceKlass ognl/ObjectNullHandler
instanceKlass ognl/NumberElementsAccessor
instanceKlass ognl/NumericTypes
instanceKlass ognl/EnumerationElementsAccessor
instanceKlass ognl/IteratorElementsAccessor
instanceKlass ognl/MapElementsAccessor
instanceKlass ognl/CollectionElementsAccessor
instanceKlass ognl/ObjectElementsAccessor
instanceKlass ognl/ArrayElementsAccessor
instanceKlass ognl/MapPropertyAccessor
instanceKlass ognl/ObjectPropertyAccessor
instanceKlass javassist/ClassPath
instanceKlass ognl/enhance/LocalReference
instanceKlass ognl/enhance/ExpressionCompiler
instanceKlass javassist/ClassPool$1
instanceKlass javassist/CtClass
instanceKlass javassist/ClassPool
instanceKlass ognl/IntHashMap$Entry
instanceKlass ognl/IntHashMap
instanceKlass ognl/ObjectArrayPool
instanceKlass ognl/EvaluationPool
instanceKlass ognl/internal/Entry
instanceKlass ognl/internal/ClassCacheImpl
instanceKlass ognl/MethodAccessor
instanceKlass ognl/NullHandler
instanceKlass ognl/ElementsAccessor
instanceKlass ognl/PropertyAccessor
instanceKlass ognl/enhance/OgnlExpressionCompiler
instanceKlass ognl/internal/ClassCache
instanceKlass ognl/OgnlRuntime
instanceKlass org/thymeleaf/context/IContextExecutionInfo
instanceKlass org/thymeleaf/context/AbstractContext
instanceKlass org/thymeleaf/context/IWebContext
instanceKlass org/thymeleaf/spring4/context/Beans
instanceKlass org/springframework/expression/spel/support/StandardTypeConverter
instanceKlass org/thymeleaf/ConfigurationPrinterHelper$ConfigLogBuilder
instanceKlass org/thymeleaf/ConfigurationPrinterHelper
instanceKlass org/thymeleaf/cache/StandardCache$CacheDataContainer
instanceKlass org/thymeleaf/cache/StandardCache
instanceKlass org/thymeleaf/Configuration$MergedDialectArtifacts
instanceKlass org/thymeleaf/standard/expression/StandardExpressionExecutor
instanceKlass org/thymeleaf/processor/ProcessorAndContext
instanceKlass org/thymeleaf/processor/ElementNameProcessorMatcher
instanceKlass org/thymeleaf/processor/IElementNameProcessorMatcher
instanceKlass org/thymeleaf/processor/TextNodeProcessorMatcher
instanceKlass org/thymeleaf/processor/ITextNodeProcessorMatcher
instanceKlass org/thymeleaf/standard/inliner/IStandardTextInliner
instanceKlass org/springframework/boot/logging/logback/LevelRemappingAppender$RemappedLoggingEvent
instanceKlass org/springframework/boot/logging/logback/LevelRemappingAppender$AppendableLogger
instanceKlass org/springframework/web/servlet/support/RequestContext
instanceKlass org/springframework/web/context/request/async/WebAsyncTask
instanceKlass org/springframework/web/servlet/mvc/method/annotation/StreamingResponseBody
instanceKlass org/hibernate/hql/internal/HolderInstantiator
instanceKlass org/hibernate/engine/spi/SelfDirtinessTracker
instanceKlass org/hibernate/type/TypeHelper
instanceKlass org/hibernate/property/access/internal/PropertyAccessStrategyBackRefImpl$1
instanceKlass org/hibernate/property/access/internal/PropertyAccessStrategyBackRefImpl
instanceKlass org/hibernate/bytecode/instrumentation/spi/LazyPropertyInitializer$1
instanceKlass org/hibernate/secure/spi/PermissionCheckEntityInformation
instanceKlass org/hibernate/engine/internal/Versioning
instanceKlass org/hibernate/engine/internal/EntityEntryContext$ManagedEntityImpl
instanceKlass org/hibernate/engine/internal/AbstractEntityEntry$EnumState
instanceKlass org/hibernate/engine/spi/EntityEntryExtraState
instanceKlass org/hibernate/engine/internal/AbstractEntityEntry
instanceKlass org/hibernate/engine/internal/TwoPhaseLoad
instanceKlass org/hibernate/type/descriptor/sql/BasicExtractor
instanceKlass org/hibernate/internal/WrapperOptionsImpl
instanceKlass org/hibernate/engine/jdbc/internal/ResultSetReturnImpl
instanceKlass org/hibernate/loader/Loader$SqlStatementWrapper
instanceKlass org/hibernate/engine/jdbc/spi/JdbcWrapper
instanceKlass com/mysql/jdbc/PreparedStatement$BatchVisitor
instanceKlass com/mysql/jdbc/PreparedStatement$ParseInfo
instanceKlass java/sql/ParameterMetaData
instanceKlass com/mysql/jdbc/ParameterBindings
instanceKlass org/hibernate/engine/jdbc/internal/BasicFormatterImpl$FormatProcess
instanceKlass org/hibernate/engine/jdbc/internal/FormatStyle$NoFormatImpl
instanceKlass org/hibernate/engine/jdbc/internal/DDLFormatterImpl
instanceKlass org/hibernate/engine/jdbc/internal/BasicFormatterImpl
instanceKlass org/hibernate/engine/jdbc/internal/Formatter
instanceKlass org/hibernate/engine/jdbc/internal/StatementPreparerImpl$StatementPreparationTemplate
instanceKlass org/hibernate/engine/jdbc/internal/StatementPreparerImpl
instanceKlass org/hibernate/dialect/pagination/LimitHelper
instanceKlass org/hibernate/jpa/criteria/compile/CriteriaQueryTypeQueryAdapter
instanceKlass javax/persistence/Tuple
instanceKlass org/hibernate/jpa/criteria/CriteriaQueryImpl$1$1$1
instanceKlass org/hibernate/jpa/spi/HibernateEntityManagerImplementor$QueryOptions$ResultMetadataValidator
instanceKlass org/hibernate/jpa/criteria/CriteriaQueryImpl$1$1
instanceKlass org/hibernate/jpa/criteria/compile/CriteriaCompiler$2
instanceKlass org/hibernate/jpa/spi/HibernateEntityManagerImplementor$QueryOptions
instanceKlass org/hibernate/jpa/criteria/CriteriaQueryImpl$1
instanceKlass org/hibernate/jpa/criteria/compile/CriteriaCompiler$1
instanceKlass org/hibernate/jpa/criteria/compile/InterpretedParameterMetadata
instanceKlass org/hibernate/jpa/criteria/compile/RenderingContext
instanceKlass org/hibernate/jpa/criteria/compile/CriteriaCompiler
instanceKlass org/springframework/orm/jpa/vendor/HibernateJpaDialect$SessionTransactionData
instanceKlass com/mysql/jdbc/EscapeProcessor
instanceKlass org/hibernate/engine/spi/EntityKey
instanceKlass org/hibernate/internal/SessionImpl$IdentifierLoadAccessImpl
instanceKlass org/hibernate/engine/spi/QueryParameters
instanceKlass org/springframework/transaction/support/DelegatingTransactionDefinition
instanceKlass org/springframework/transaction/support/CallbackPreferringPlatformTransactionManager
instanceKlass org/springframework/beans/factory/annotation/BeanFactoryAnnotationUtils
instanceKlass org/springframework/data/repository/core/support/TransactionalRepositoryProxyPostProcessor$AbstractFallbackTransactionAttributeSource$DefaultCacheKey
instanceKlass org/springframework/transaction/interceptor/TransactionInterceptor$1
instanceKlass javax/persistence/QueryHint
instanceKlass org/springframework/data/jpa/repository/QueryHints
instanceKlass org/springframework/data/jpa/repository/Lock
instanceKlass org/springframework/data/jpa/repository/support/CrudMethodMetadataPostProcessor$DefaultCrudMethodMetadata
instanceKlass org/springframework/aop/framework/InterceptorAndDynamicMethodMatcher
instanceKlass org/springframework/aop/framework/ReflectiveMethodInvocation
instanceKlass \u00eb\u00c7}\u00fdI\u00f5\u00b5\u00f6\u0082C\u00e8\u00f217\u000a\u00bbE\u00b9\u00a9\u0694\u07dc\u00c8McZ\u01f6\u0081\u00ecT\u0015\u000d\u0096\u000fi+\u0090\u00c6t\u0080\u000f\u00ceX\u00fc\u008a\u00fdExc\u00ca\u00e5\u00e9\u0095f\u039b\u00bc{e\u00ber\u00d9k\u00d0\u00c5;\u00a5\u008cu{\u00c6^\u001a\u00b9b\u00e8\u008a\u00d1U\u00e7\u007f\u0093\u00f9\u0585\u0314\u00f4V\u00f2\u00e6\u00e1\u00b9f\u00fa\u00e4\u008d\u00f5z\u00eb'U\u000d\u00eb\u00c6z\u00f6>@\u000b\u00c6C7-t\u0085\u0088F\u001cs\u0001\u009d\u00f8\u0015\u00d2f!\u0092\u00cf)\u00a5\u0089\u00f3\u00c8\u0019sI\u00b2q\u00fbl\u00bc\u008e\u00d4\u00171\uf495\u00d6\u000amA\u00ba\u00bb\u00db\u0017\u00ad\u0607\u00f7\u00d8\u037dvv\u00f3\u00ea\u0010\u0091\u05c3\u0087\u00a8%!D}H\u00f4\u0011J}\u0091\u00ec[j\u0016\u00b1`\u00a2\u00f1(\u001f`i&\u00b0P\u00cf\u0006;X\u00d2\u06c9\u00f7\u00a4\u0019oG\u00f0\u008dI\u0004\u000bW[\u00aa=\u001d\u00ef\u00ca\u00cc1\u00d9x\u001f2\u000c\u00f8\u00c9\u00ee\u0004\u000c\u0001L\u00fe\u0085\u0093\u00ba\u00f9\u0097\u009f\u009c\u00b2a\u0086S\u00b6\u00fd\u00f9\u00c7\u001a\u008aN\u00ba\u00d1m\u008bD\u00b9 \u0017\u00e0\u00e2\u00fd\u0088g\u000c_-\u00de.\u00daor\u00ddn%+h\u0017\u0547\u00d0z<\u00ef\u00f3\u00ff(\u00ce;?|\u00d5\u00f8\u008c.\u0010xW\u0092\u001f\u0096\u00dd%\u00fb\u00d90m\u00f9\u060d\\u0013E~\u00a0%N\u00bc\u00b0\u00bf\u00d2\u00daj\u000d\u00beNK}\u00f1j\u00e9\u001c\u00a1\u0781~\u00e1\u0005e\u00f4\u00d1\u00ec\u0083\u00f7\u00a4\u009a\u0085\u00e8\u00c7B\u00be#\u00d0t\u0309\u0080\u00ff\u001d\u00f9\u00bb\u009f\u00cbN\u009d\u0019\u00a8\u00ba|{\u000d\u0091\u00dc+#\u00a5\u0012*\u00a8\u00ee\u00c5T\u00a6\u05bd\u000d8\u008eY\u00b1\u00e157\u044cL=t\u0006\u0090\u008bZjQ\u00de~5&9^\u00ed\u001a\u00f0"\u0084,\u000bd\u00a4a\u00daH,\u000b\u00fek\u00fd\u0089k\u0004\u00e5h\u00de\u0005;\u009cTy\u0097\u035c\u0086r\u0093\u0090O\u00ba\u00ee\u0094\u001bm\u00af\u0013\u00f7\u00e5}\u0013\u009fF\u00f4R\u00e0\u00bf\u000f\u009c\u00b2w:\u00bb_:o\u008a\u00dc{\u00f1="\u0092\u00fa3(~\u0015\u00b6\u00bd\u02a2\u0085|\u
instanceKlass ?H\u00e6\u0011c\u00b6\u06e5k\u0099\u00ee\u021b\u00c58\u000d<\u00f2\u00d2w\u00ef\u0008\u00ca9\u00aa&\u00a1\u0085\u07b5\u00b7/\u000cvA+\u00bd\u0086\u00f3\u0013\u00fd\u00aa\u00a7\u00ae\u00ed\u00e7\u008d\u00f446P{\u00df,\u00f9\u00fe\u00bah\u00c5?\u00d3\u00dff\u00c7.5F+\u009e\u00e9\u00d7\u00fd\u0008O\u009fv#\u00ef$\u0091oQl\u00eao\u00b6\u00f9F\u00b65\u0098\u00b0\u00bdK\u00c3v\u00d8\u00c1\u00eaa\u00e9\u00d8\u00e6ihC\u0000\u02f2\u0095:\u00b6QtK\u0090\u0536\u008c\u000a\u00ad\u0099\u000du\u00a9\uaf44\u00a2+\u0082\u000d\u0081\u008a\u0627E|\u00cf\u0017\u0083d\u001e\u00d6s\u00ae\u0085uL\u00cfel\u00de\u0007b\u00ab\u00d3\u00f7a\u00a2\u00b6\u000f\u00fey\u00bf\u00ee.\u00c6;];\u000f\u00ff\u00bc\u0014\u007f.\u00e7\u0014\u0015\u009a|r\u0099u\u00e6cL\u000fFv\u00a4I`\u008f.\u00a6\u00d1\u00045\u001a\u07c1_X\u0095\u009aCV\u00e4\u009f\u00f8\u00e0\u008e\u00f9\u0005\u00eb\u0010\u0099c\u001f~y\u000f\u009c\u00cb\u00cc\u001f\u0729\u008e\u00d0V&g\u0015\u0011/\u0096\u00ccN\u00e8=\u04e7\u00fb:\u008d\u00a7\u00bcUC`\u00b6\u00bcK\u00e7o\u00ba\u04e4G\u00fb\u0089e\u0080\u00ec\u00f8T\u00fa\u06dcXQI\u00b4\u00e2N\uddf7\u00f0gu\u00f4\u008c\u001c\u00a5\u007f\u00f5\u0253\u0086\u0081\u00d4\u0005gb\u00ef\u00197\u00fa\u0017\u00bf\u0217\u001b\u00fc\u00e55\u00be|\u0084\u0004y\u008dIU\u00144\u00be\n\u00d2\u00e0\u0099"\u00c8WV\u00fc\u00f2\u00e4O\u00dd\u8ce4\u00e7qh\u00f38\u00068\u00cfj<\u00cfT\u0003?`\u00c8+G\u00dfe\u00f0k<\u008ci\u0016\u00bc\u0004\u0005\u0092\u00fd{HlG\u00b8\u00e5Bb;*\u00e1lG\u00a4o\u00bc\u00d7d\u00ac\u00f6\u0096\u00e3\u0017l|\u0081\u0094L\u0179b-sR_\u00ff\u00cc\u00ffv\u00a3\u00b3%\u00e2}\u008d\u00da\u00e49\u0004?\u009d\u0093JmW\u00814\u001a\u00d3+\u00ccYtU\u00c8$\u008e\u00ea\u00dav\u00c2a\u0081_\u0004PA\u00e3\u009d\u00fe\u00f7\u00a03\u00e4\u000fT\u00c5\u00d6\u0009w\u00ee\u0095 \u00d8\u0015\\u00a1SJ\u008b#\u0095\u00e6\u0001\u0001\u009f\u00f1L\u00caq\u009b\u00ad\u0006N\u00a9K\u00f5\u00d8\u007f6\u00f85\u0256\u0090#g\u00ac\u0098\u00ef\u00c8\u00cfl\u0083\u001esmz8\u000a\u0016\u001f\u00
